<?xml version="1.0" encoding="UTF-8"?>
<!-- Generated by org.testng.reporters.JUnitXMLReporter -->
<testsuite hostname="ip-172-31-81-201" ignored="2" name="Default test" tests="1" failures="0" timestamp="09 Nov 2021 04:19:14 GMT" time="5.481" errors="0">
  <testcase name="ExcelTest" time="3.634" classname="test.LoginTest"/>
  <testcase name="PositiveLogin" time="0.0" classname="test.LoginTest">
    <ignored/>
  </testcase> <!-- PositiveLogin -->
  <testcase name="NegativeLogin" time="0.0" classname="test.LoginTest">
    <ignored/>
  </testcase> <!-- NegativeLogin -->
</testsuite> <!-- Default test -->
