<?xml version="1.0" encoding="UTF-8"?>
<testng-results skipped="0" failed="0" ignored="0" total="3" passed="3">
  <reporter-output>
  </reporter-output>
  <suite name="Suite" duration-ms="13346" started-at="2021-11-09T07:04:12Z" finished-at="2021-11-09T07:04:25Z">
    <groups>
    </groups>
    <test name="Test" duration-ms="13346" started-at="2021-11-09T07:04:12Z" finished-at="2021-11-09T07:04:25Z">
      <class name="test.LoginTest">
        <test-method status="PASS" signature="ReportSetUp()[pri:0, instance:test.LoginTest@2a742aa2]" name="ReportSetUp" is-config="true" duration-ms="524" started-at="2021-11-09T07:04:12Z" finished-at="2021-11-09T07:04:13Z">
          <reporter-output>
          </reporter-output>
        </test-method> <!-- ReportSetUp -->
        <test-method status="PASS" signature="setup()[pri:0, instance:test.LoginTest@2a742aa2]" name="setup" is-config="true" duration-ms="1505" started-at="2021-11-09T07:04:13Z" finished-at="2021-11-09T07:04:14Z">
          <reporter-output>
          </reporter-output>
        </test-method> <!-- setup -->
        <test-method status="PASS" signature="ExcelTest()[pri:0, instance:test.LoginTest@2a742aa2]" name="ExcelTest" duration-ms="2155" started-at="2021-11-09T07:04:14Z" finished-at="2021-11-09T07:04:16Z">
          <reporter-output>
          </reporter-output>
        </test-method> <!-- ExcelTest -->
        <test-method status="PASS" signature="teardown()[pri:0, instance:test.LoginTest@2a742aa2]" name="teardown" is-config="true" duration-ms="73" started-at="2021-11-09T07:04:16Z" finished-at="2021-11-09T07:04:16Z">
          <reporter-output>
          </reporter-output>
        </test-method> <!-- teardown -->
        <test-method status="PASS" signature="setup()[pri:0, instance:test.LoginTest@2a742aa2]" name="setup" is-config="true" duration-ms="1392" started-at="2021-11-09T07:04:16Z" finished-at="2021-11-09T07:04:18Z">
          <reporter-output>
          </reporter-output>
        </test-method> <!-- setup -->
        <test-method status="PASS" signature="NegativeLogin(java.lang.String, java.lang.String)[pri:0, instance:test.LoginTest@2a742aa2]" name="NegativeLogin" duration-ms="2930" started-at="2021-11-09T07:04:18Z" finished-at="2021-11-09T07:04:21Z">
          <params>
            <param index="0">
              <value>
                <![CDATA[abc@gmail.com]]>
              </value>
            </param>
            <param index="1">
              <value>
                <![CDATA[Abc@12673]]>
              </value>
            </param>
          </params>
          <reporter-output>
          </reporter-output>
        </test-method> <!-- NegativeLogin -->
        <test-method status="PASS" signature="teardown()[pri:0, instance:test.LoginTest@2a742aa2]" name="teardown" is-config="true" duration-ms="68" started-at="2021-11-09T07:04:21Z" finished-at="2021-11-09T07:04:21Z">
          <reporter-output>
          </reporter-output>
        </test-method> <!-- teardown -->
        <test-method status="PASS" signature="setup()[pri:0, instance:test.LoginTest@2a742aa2]" name="setup" is-config="true" duration-ms="1376" started-at="2021-11-09T07:04:21Z" finished-at="2021-11-09T07:04:22Z">
          <reporter-output>
          </reporter-output>
        </test-method> <!-- setup -->
        <test-method status="PASS" signature="PositiveLogin(java.lang.String, java.lang.String)[pri:0, instance:test.LoginTest@2a742aa2]" name="PositiveLogin" duration-ms="3024" started-at="2021-11-09T07:04:22Z" finished-at="2021-11-09T07:04:25Z">
          <params>
            <param index="0">
              <value>
                <![CDATA[abc@gmail.com]]>
              </value>
            </param>
            <param index="1">
              <value>
                <![CDATA[Abc@1234]]>
              </value>
            </param>
          </params>
          <reporter-output>
          </reporter-output>
        </test-method> <!-- PositiveLogin -->
        <test-method status="PASS" signature="teardown()[pri:0, instance:test.LoginTest@2a742aa2]" name="teardown" is-config="true" duration-ms="70" started-at="2021-11-09T07:04:25Z" finished-at="2021-11-09T07:04:25Z">
          <reporter-output>
          </reporter-output>
        </test-method> <!-- teardown -->
        <test-method status="PASS" signature="ReportTeardown()[pri:0, instance:test.LoginTest@2a742aa2]" name="ReportTeardown" is-config="true" duration-ms="208" started-at="2021-11-09T07:04:25Z" finished-at="2021-11-09T07:04:25Z">
          <reporter-output>
          </reporter-output>
        </test-method> <!-- ReportTeardown -->
      </class> <!-- test.LoginTest -->
    </test> <!-- Test -->
  </suite> <!-- Suite -->
</testng-results>
