<?xml version="1.0" encoding="UTF-8"?>
<testng-results skipped="0" failed="0" ignored="0" total="3" passed="3">
  <reporter-output>
  </reporter-output>
  <suite name="Suite" duration-ms="12580" started-at="2021-11-09T04:43:32Z" finished-at="2021-11-09T04:43:45Z">
    <groups>
    </groups>
    <test name="Test" duration-ms="12580" started-at="2021-11-09T04:43:32Z" finished-at="2021-11-09T04:43:45Z">
      <class name="test.LoginTest">
        <test-method status="PASS" signature="ReportSetUp()[pri:0, instance:test.LoginTest@4e718207]" name="ReportSetUp" is-config="true" duration-ms="481" started-at="2021-11-09T04:43:32Z" finished-at="2021-11-09T04:43:33Z">
          <reporter-output>
          </reporter-output>
        </test-method> <!-- ReportSetUp -->
        <test-method status="PASS" signature="setup()[pri:0, instance:test.LoginTest@4e718207]" name="setup" is-config="true" duration-ms="1401" started-at="2021-11-09T04:43:33Z" finished-at="2021-11-09T04:43:34Z">
          <reporter-output>
          </reporter-output>
        </test-method> <!-- setup -->
        <test-method status="PASS" signature="ExcelTest()[pri:0, instance:test.LoginTest@4e718207]" name="ExcelTest" duration-ms="2592" started-at="2021-11-09T04:43:34Z" finished-at="2021-11-09T04:43:37Z">
          <reporter-output>
          </reporter-output>
        </test-method> <!-- ExcelTest -->
        <test-method status="PASS" signature="teardown()[pri:0, instance:test.LoginTest@4e718207]" name="teardown" is-config="true" duration-ms="68" started-at="2021-11-09T04:43:37Z" finished-at="2021-11-09T04:43:37Z">
          <reporter-output>
          </reporter-output>
        </test-method> <!-- teardown -->
        <test-method status="PASS" signature="setup()[pri:0, instance:test.LoginTest@4e718207]" name="setup" is-config="true" duration-ms="1348" started-at="2021-11-09T04:43:37Z" finished-at="2021-11-09T04:43:38Z">
          <reporter-output>
          </reporter-output>
        </test-method> <!-- setup -->
        <test-method status="PASS" signature="NegativeLogin(java.lang.String, java.lang.String)[pri:0, instance:test.LoginTest@4e718207]" name="NegativeLogin" duration-ms="2106" started-at="2021-11-09T04:43:38Z" finished-at="2021-11-09T04:43:40Z">
          <params>
            <param index="0">
              <value>
                <![CDATA[abc@gmail.com]]>
              </value>
            </param>
            <param index="1">
              <value>
                <![CDATA[Abc@12673]]>
              </value>
            </param>
          </params>
          <reporter-output>
          </reporter-output>
        </test-method> <!-- NegativeLogin -->
        <test-method status="PASS" signature="teardown()[pri:0, instance:test.LoginTest@4e718207]" name="teardown" is-config="true" duration-ms="71" started-at="2021-11-09T04:43:40Z" finished-at="2021-11-09T04:43:40Z">
          <reporter-output>
          </reporter-output>
        </test-method> <!-- teardown -->
        <test-method status="PASS" signature="setup()[pri:0, instance:test.LoginTest@4e718207]" name="setup" is-config="true" duration-ms="1325" started-at="2021-11-09T04:43:40Z" finished-at="2021-11-09T04:43:41Z">
          <reporter-output>
          </reporter-output>
        </test-method> <!-- setup -->
        <test-method status="PASS" signature="PositiveLogin(java.lang.String, java.lang.String)[pri:0, instance:test.LoginTest@4e718207]" name="PositiveLogin" duration-ms="2862" started-at="2021-11-09T04:43:41Z" finished-at="2021-11-09T04:43:44Z">
          <params>
            <param index="0">
              <value>
                <![CDATA[abc@gmail.com]]>
              </value>
            </param>
            <param index="1">
              <value>
                <![CDATA[Abc@1234]]>
              </value>
            </param>
          </params>
          <reporter-output>
          </reporter-output>
        </test-method> <!-- PositiveLogin -->
        <test-method status="PASS" signature="teardown()[pri:0, instance:test.LoginTest@4e718207]" name="teardown" is-config="true" duration-ms="70" started-at="2021-11-09T04:43:44Z" finished-at="2021-11-09T04:43:44Z">
          <reporter-output>
          </reporter-output>
        </test-method> <!-- teardown -->
        <test-method status="PASS" signature="ReportTeardown()[pri:0, instance:test.LoginTest@4e718207]" name="ReportTeardown" is-config="true" duration-ms="235" started-at="2021-11-09T04:43:44Z" finished-at="2021-11-09T04:43:45Z">
          <reporter-output>
          </reporter-output>
        </test-method> <!-- ReportTeardown -->
      </class> <!-- test.LoginTest -->
    </test> <!-- Test -->
  </suite> <!-- Suite -->
</testng-results>
